This is pdfTeX, Version 3.14159265-2.6-1.40.18 (TeX Live 2017/Debian) (preloaded format=pdflatex 2019.12.15)  10 JAN 2020 11:15
entering extended mode
 restricted \write18 enabled.
 %&-line parsing enabled.
**\nonstopmode \input{main.tex}
(./main.tex (/usr/share/texlive/texmf-dist/tex/latex/base/article.cls
Document Class: article 2014/09/29 v1.4h Standard LaTeX document class
(/usr/share/texlive/texmf-dist/tex/latex/base/size11.clo
File: size11.clo 2014/09/29 v1.4h Standard LaTeX file (size option)
)
\c@part=\count79
\c@section=\count80
\c@subsection=\count81
\c@subsubsection=\count82
\c@paragraph=\count83
\c@subparagraph=\count84
\c@figure=\count85
\c@table=\count86
\abovecaptionskip=\skip41
\belowcaptionskip=\skip42
\bibindent=\dimen102
)
(/usr/share/texlive/texmf-dist/tex/latex/graphics/graphicx.sty
Package: graphicx 2017/06/01 v1.1a Enhanced LaTeX Graphics (DPC,SPQR)

(/usr/share/texlive/texmf-dist/tex/latex/graphics/keyval.sty
Package: keyval 2014/10/28 v1.15 key=value parser (DPC)
\KV@toks@=\toks14
)
(/usr/share/texlive/texmf-dist/tex/latex/graphics/graphics.sty
Package: graphics 2017/06/25 v1.2c Standard LaTeX Graphics (DPC,SPQR)

(/usr/share/texlive/texmf-dist/tex/latex/graphics/trig.sty
Package: trig 2016/01/03 v1.10 sin cos tan (DPC)
)
(/usr/share/texlive/texmf-dist/tex/latex/graphics-cfg/graphics.cfg
File: graphics.cfg 2016/06/04 v1.11 sample graphics configuration
)
Package graphics Info: Driver file: pdftex.def on input line 99.

(/usr/share/texlive/texmf-dist/tex/latex/graphics-def/pdftex.def
File: pdftex.def 2018/01/08 v1.0l Graphics/color driver for pdftex
))
\Gin@req@height=\dimen103
\Gin@req@width=\dimen104
)
(/usr/share/texlive/texmf-dist/tex/latex/graphics/color.sty
Package: color 2016/07/10 v1.1e Standard LaTeX Color (DPC)

(/usr/share/texlive/texmf-dist/tex/latex/graphics-cfg/color.cfg
File: color.cfg 2016/01/02 v1.6 sample color configuration
)
Package color Info: Driver file: pdftex.def on input line 147.
)
(/usr/share/texlive/texmf-dist/tex/latex/amsfonts/amssymb.sty
Package: amssymb 2013/01/14 v3.01 AMS font symbols

(/usr/share/texlive/texmf-dist/tex/latex/amsfonts/amsfonts.sty
Package: amsfonts 2013/01/14 v3.01 Basic AMSFonts support
\@emptytoks=\toks15
\symAMSa=\mathgroup4
\symAMSb=\mathgroup5
LaTeX Font Info:    Overwriting math alphabet `\mathfrak' in version `bold'
(Font)                  U/euf/m/n --> U/euf/b/n on input line 106.
))
(/usr/share/texlive/texmf-dist/tex/latex/amsmath/amsmath.sty
Package: amsmath 2017/09/02 v2.17a AMS math features
\@mathmargin=\skip43

For additional information on amsmath, use the `?' option.
(/usr/share/texlive/texmf-dist/tex/latex/amsmath/amstext.sty
Package: amstext 2000/06/29 v2.01 AMS text

(/usr/share/texlive/texmf-dist/tex/latex/amsmath/amsgen.sty
File: amsgen.sty 1999/11/30 v2.0 generic functions
\@emptytoks=\toks16
\ex@=\dimen105
))
(/usr/share/texlive/texmf-dist/tex/latex/amsmath/amsbsy.sty
Package: amsbsy 1999/11/29 v1.2d Bold Symbols
\pmbraise@=\dimen106
)
(/usr/share/texlive/texmf-dist/tex/latex/amsmath/amsopn.sty
Package: amsopn 2016/03/08 v2.02 operator names
)
\inf@bad=\count87
LaTeX Info: Redefining \frac on input line 213.
\uproot@=\count88
\leftroot@=\count89
LaTeX Info: Redefining \overline on input line 375.
\classnum@=\count90
\DOTSCASE@=\count91
LaTeX Info: Redefining \ldots on input line 472.
LaTeX Info: Redefining \dots on input line 475.
LaTeX Info: Redefining \cdots on input line 596.
\Mathstrutbox@=\box26
\strutbox@=\box27
\big@size=\dimen107
LaTeX Font Info:    Redeclaring font encoding OML on input line 712.
LaTeX Font Info:    Redeclaring font encoding OMS on input line 713.
\macc@depth=\count92
\c@MaxMatrixCols=\count93
\dotsspace@=\muskip10
\c@parentequation=\count94
\dspbrk@lvl=\count95
\tag@help=\toks17
\row@=\count96
\column@=\count97
\maxfields@=\count98
\andhelp@=\toks18
\eqnshift@=\dimen108
\alignsep@=\dimen109
\tagshift@=\dimen110
\tagwidth@=\dimen111
\totwidth@=\dimen112
\lineht@=\dimen113
\@envbody=\toks19
\multlinegap=\skip44
\multlinetaggap=\skip45
\mathdisplay@stack=\toks20
LaTeX Info: Redefining \[ on input line 2817.
LaTeX Info: Redefining \] on input line 2818.
)
(/usr/share/texlive/texmf-dist/tex/latex/tools/array.sty
Package: array 2016/10/06 v2.4d Tabular extension package (FMi)
\col@sep=\dimen114
\extrarowheight=\dimen115
\NC@list=\toks21
\extratabsurround=\skip46
\backup@length=\skip47
)
(/usr/share/texlive/texmf-dist/tex/generic/babel/babel.sty
Package: babel 2018/02/14 3.18 The Babel package

(/usr/share/texlive/texmf-dist/tex/generic/babel/switch.def
File: switch.def 2018/02/14 3.18 Babel switching mechanism
)
(/usr/share/texlive/texmf-dist/tex/generic/babel-english/english.ldf
Language: english 2017/06/06 v3.3r English support from the babel system

(/usr/share/texlive/texmf-dist/tex/generic/babel/babel.def
File: babel.def 2018/02/14 3.18 Babel common definitions
\babel@savecnt=\count99
\U@D=\dimen116

(/usr/share/texlive/texmf-dist/tex/generic/babel/txtbabel.def)
\bbl@dirlevel=\count100
)
\l@canadian = a dialect from \language\l@american 
\l@australian = a dialect from \language\l@british 
\l@newzealand = a dialect from \language\l@british 
))
(/usr/share/texlive/texmf-dist/tex/latex/csquotes/csquotes.sty
Package: csquotes 2018/02/11 v5.2c context-sensitive quotations (JAW)

(/usr/share/texlive/texmf-dist/tex/latex/etoolbox/etoolbox.sty
Package: etoolbox 2018/02/11 v2.5e e-TeX tools for LaTeX (JAW)
\etb@tempcnta=\count101
)
\csq@reset=\count102
\csq@gtype=\count103
\csq@glevel=\count104
\csq@qlevel=\count105
\csq@maxlvl=\count106
\csq@tshold=\count107
\csq@ltx@everypar=\toks22

(/usr/share/texlive/texmf-dist/tex/latex/csquotes/csquotes.def
File: csquotes.def 2018/02/11 v5.2c csquotes generic definitions (JAW)
)
Package csquotes Info: Trying to load configuration file 'csquotes.cfg'...
Package csquotes Info: ... configuration file loaded successfully.

(/usr/share/texlive/texmf-dist/tex/latex/csquotes/csquotes.cfg
File: csquotes.cfg 
)
Package csquotes Info: Option 'babel' depreciated.
(csquotes)             Using 'autostyle'.
Package csquotes Info: Enabling multilingual quotes.
)
(/usr/share/texlive/texmf-dist/tex/latex/tools/verbatim.sty
Package: verbatim 2014/10/28 v1.5q LaTeX2e package for verbatim enhancements
\every@verbatim=\toks23
\verbatim@line=\toks24
\verbatim@in@stream=\read1
)
(/usr/share/texlive/texmf-dist/tex/latex/float/float.sty
Package: float 2001/11/08 v1.3d Float enhancements (AL)
\c@float@type=\count108
\float@exts=\toks25
\float@box=\box28
\@float@everytoks=\toks26
\@floatcapt=\box29
)
(/usr/share/texlive/texmf-dist/tex/latex/caption/caption.sty
Package: caption 2016/02/21 v3.3-144 Customizing captions (AR)

(/usr/share/texlive/texmf-dist/tex/latex/caption/caption3.sty
Package: caption3 2016/05/22 v1.7-166 caption3 kernel (AR)
Package caption3 Info: TeX engine: e-TeX on input line 67.
\captionmargin=\dimen117
\captionmargin@=\dimen118
\captionwidth=\dimen119
\caption@tempdima=\dimen120
\caption@indent=\dimen121
\caption@parindent=\dimen122
\caption@hangindent=\dimen123
)
\c@ContinuedFloat=\count109
Package caption Info: float package is loaded.
)
(/usr/share/texlive/texmf-dist/tex/latex/caption/subcaption.sty
Package: subcaption 2016/05/22 v1.1-161 Sub-captions (AR)
\c@subfigure=\count110
\c@subtable=\count111
)
(/usr/share/texlive/texmf-dist/tex/latex/url/url.sty
\Urlmuskip=\muskip11
Package: url 2013/09/16  ver 3.4  Verb mode for urls, etc.
)
Package csquotes Info: Checking for multilingual support...
Package csquotes Info: ... found 'babel' package.
 (./main.aux)
\openout1 = `main.aux'.

LaTeX Font Info:    Checking defaults for OML/cmm/m/it on input line 13.
LaTeX Font Info:    ... okay on input line 13.
LaTeX Font Info:    Checking defaults for T1/cmr/m/n on input line 13.
LaTeX Font Info:    ... okay on input line 13.
LaTeX Font Info:    Checking defaults for OT1/cmr/m/n on input line 13.
LaTeX Font Info:    ... okay on input line 13.
LaTeX Font Info:    Checking defaults for OMS/cmsy/m/n on input line 13.
LaTeX Font Info:    ... okay on input line 13.
LaTeX Font Info:    Checking defaults for OMX/cmex/m/n on input line 13.
LaTeX Font Info:    ... okay on input line 13.
LaTeX Font Info:    Checking defaults for U/cmr/m/n on input line 13.
LaTeX Font Info:    ... okay on input line 13.

(/usr/share/texlive/texmf-dist/tex/context/base/mkii/supp-pdf.mkii
[Loading MPS to PDF converter (version 2006.09.02).]
\scratchcounter=\count112
\scratchdimen=\dimen124
\scratchbox=\box30
\nofMPsegments=\count113
\nofMParguments=\count114
\everyMPshowfont=\toks27
\MPscratchCnt=\count115
\MPscratchDim=\dimen125
\MPnumerator=\count116
\makeMPintoPDFobject=\count117
\everyMPtoPDFconversion=\toks28
) (/usr/share/texlive/texmf-dist/tex/latex/oberdiek/epstopdf-base.sty
Package: epstopdf-base 2016/05/15 v2.6 Base part for package epstopdf

(/usr/share/texlive/texmf-dist/tex/generic/oberdiek/infwarerr.sty
Package: infwarerr 2016/05/16 v1.4 Providing info/warning/error messages (HO)
)
(/usr/share/texlive/texmf-dist/tex/latex/oberdiek/grfext.sty
Package: grfext 2016/05/16 v1.2 Manage graphics extensions (HO)

(/usr/share/texlive/texmf-dist/tex/generic/oberdiek/kvdefinekeys.sty
Package: kvdefinekeys 2016/05/16 v1.4 Define keys (HO)

(/usr/share/texlive/texmf-dist/tex/generic/oberdiek/ltxcmds.sty
Package: ltxcmds 2016/05/16 v1.23 LaTeX kernel commands for general use (HO)
)))
(/usr/share/texlive/texmf-dist/tex/latex/oberdiek/kvoptions.sty
Package: kvoptions 2016/05/16 v3.12 Key value format for package options (HO)

(/usr/share/texlive/texmf-dist/tex/generic/oberdiek/kvsetkeys.sty
Package: kvsetkeys 2016/05/16 v1.17 Key value parser (HO)

(/usr/share/texlive/texmf-dist/tex/generic/oberdiek/etexcmds.sty
Package: etexcmds 2016/05/16 v1.6 Avoid name clashes with e-TeX commands (HO)

(/usr/share/texlive/texmf-dist/tex/generic/oberdiek/ifluatex.sty
Package: ifluatex 2016/05/16 v1.4 Provides the ifluatex switch (HO)
Package ifluatex Info: LuaTeX not detected.
)
Package etexcmds Info: Could not find \expanded.
(etexcmds)             That can mean that you are not using pdfTeX 1.50 or
(etexcmds)             that some package has redefined \expanded.
(etexcmds)             In the latter case, load this package earlier.
)))
(/usr/share/texlive/texmf-dist/tex/generic/oberdiek/pdftexcmds.sty
Package: pdftexcmds 2018/01/21 v0.26 Utility functions of pdfTeX for LuaTeX (HO
)

(/usr/share/texlive/texmf-dist/tex/generic/oberdiek/ifpdf.sty
Package: ifpdf 2017/03/15 v3.2 Provides the ifpdf switch
)
Package pdftexcmds Info: LuaTeX not detected.
Package pdftexcmds Info: \pdf@primitive is available.
Package pdftexcmds Info: \pdf@ifprimitive is available.
Package pdftexcmds Info: \pdfdraftmode found.
)
Package epstopdf-base Info: Redefining graphics rule for `.eps' on input line 4
38.
Package grfext Info: Graphics extension search list:
(grfext)             [.pdf,.png,.jpg,.mps,.jpeg,.jbig2,.jb2,.PDF,.PNG,.JPG,.JPE
G,.JBIG2,.JB2,.eps]
(grfext)             \AppendGraphicsExtensions on input line 456.

(/usr/share/texlive/texmf-dist/tex/latex/latexconfig/epstopdf-sys.cfg
File: epstopdf-sys.cfg 2010/07/13 v1.3 Configuration of (r)epstopdf for TeX Liv
e
))
Package caption Info: Begin \AtBeginDocument code.
Package caption Info: End \AtBeginDocument code.

(./cover.tex
<images/EPFL_Logo_Digital_RGB_PROD.png, id=1, 612.3678pt x 265.2309pt>
File: images/EPFL_Logo_Digital_RGB_PROD.png Graphic file (type png)
<use images/EPFL_Logo_Digital_RGB_PROD.png>
Package pdftex.def Info: images/EPFL_Logo_Digital_RGB_PROD.png  used on input l
ine 66.
(pdftex.def)             Requested size: 113.81102pt x 49.29358pt.
LaTeX Font Info:    Try loading font information for U+msa on input line 78.
 (/usr/share/texlive/texmf-dist/tex/latex/amsfonts/umsa.fd
File: umsa.fd 2013/01/14 v3.01 AMS symbols A
)
LaTeX Font Info:    Try loading font information for U+msb on input line 78.

(/usr/share/texlive/texmf-dist/tex/latex/amsfonts/umsb.fd
File: umsb.fd 2013/01/14 v3.01 AMS symbols B
)) [1

{/var/lib/texmf/fonts/map/pdftex/updmap/pdftex.map} <./images/EPFL_Logo_Digital
_RGB_PROD.png>]
(./main.toc [1])
\tf@toc=\write3
\openout3 = `main.toc'.

 [2] (./1intro.tex [1]) (./2background.tex [2] [3] [4] [5])
(./3designandimplementation.tex [6] [7] [8] [9]) (./4evaluationandresults.tex
[10]

LaTeX Warning: No positions in optional float specifier.
               Default added (so using `tbp') on input line 26.

LaTeX Font Info:    Try loading font information for OMS+cmr on input line 42.
(/usr/share/texlive/texmf-dist/tex/latex/base/omscmr.fd
File: omscmr.fd 2014/09/29 v2.5h Standard LaTeX font definitions
)
LaTeX Font Info:    Font shape `OMS/cmr/m/n' in size <10.95> not available
(Font)              Font shape `OMS/cmsy/m/n' tried instead on input line 42.
 [11]
<images/aggregation_round_wall_sum_36.png, id=60, 531.9072pt x 398.9304pt>
File: images/aggregation_round_wall_sum_36.png Graphic file (type png)
<use images/aggregation_round_wall_sum_36.png>
Package pdftex.def Info: images/aggregation_round_wall_sum_36.png  used on inpu
t line 67.
(pdftex.def)             Requested size: 360.0pt x 270.01512pt.
 [12]
<images/aggregation_bandwidth_msg_tx_sum_36.png, id=65, 531.9072pt x 398.9304pt
>
File: images/aggregation_bandwidth_msg_tx_sum_36.png Graphic file (type png)
<use images/aggregation_bandwidth_msg_tx_sum_36.png>
Package pdftex.def Info: images/aggregation_bandwidth_msg_tx_sum_36.png  used o
n input line 76.
(pdftex.def)             Requested size: 327.60132pt x 245.7151pt.
 [13 <./images/aggregation_round_wall_sum_36.png>]
<images/aggregation_bandwidth_tx_sum_36.png, id=70, 531.9072pt x 398.9304pt>
File: images/aggregation_bandwidth_tx_sum_36.png Graphic file (type png)
<use images/aggregation_bandwidth_tx_sum_36.png>
Package pdftex.def Info: images/aggregation_bandwidth_tx_sum_36.png  used on in
put line 83.
(pdftex.def)             Requested size: 327.60132pt x 245.7151pt.
 [14 <./images/aggregation_bandwidth_msg_tx_sum_36.png> <./images/aggregation_b
andwidth_tx_sum_36.png>]
<images/round_wall_sum_36.png, id=76, 531.9072pt x 398.9304pt>
File: images/round_wall_sum_36.png Graphic file (type png)
<use images/round_wall_sum_36.png>
Package pdftex.def Info: images/round_wall_sum_36.png  used on input line 101.
(pdftex.def)             Requested size: 327.60132pt x 245.7151pt.
<images/bandwidth_msg_tx_sum_36.png, id=77, 531.9072pt x 398.9304pt>
File: images/bandwidth_msg_tx_sum_36.png Graphic file (type png)
<use images/bandwidth_msg_tx_sum_36.png>
Package pdftex.def Info: images/bandwidth_msg_tx_sum_36.png  used on input line
 108.
(pdftex.def)             Requested size: 327.60132pt x 245.7151pt.
 [15 <./images/round_wall_sum_36.png>]
<images/bandwidth_tx_sum_36.png, id=82, 531.9072pt x 398.9304pt>
File: images/bandwidth_tx_sum_36.png Graphic file (type png)
<use images/bandwidth_tx_sum_36.png>
Package pdftex.def Info: images/bandwidth_tx_sum_36.png  used on input line 115
.
(pdftex.def)             Requested size: 327.60132pt x 245.7151pt.
) (./5conclusion.tex [16 <./images/bandwidth_msg_tx_sum_36.png> <./images/bandw
idth_tx_sum_36.png>]) (./references.tex [17] [18]
(./main.bbl [19]) [20]) (./appendixinstall.tex) (./appendixfullresults.tex
<images/aggregation_round_wall_sum_7.png, id=102, 531.9072pt x 398.9304pt>
File: images/aggregation_round_wall_sum_7.png Graphic file (type png)
<use images/aggregation_round_wall_sum_7.png>
Package pdftex.def Info: images/aggregation_round_wall_sum_7.png  used on input
 line 16.
(pdftex.def)             Requested size: 180.0pt x 135.00146pt.
<images/aggregation_round_wall_sum_16.png, id=103, 531.9072pt x 398.9304pt>
File: images/aggregation_round_wall_sum_16.png Graphic file (type png)
<use images/aggregation_round_wall_sum_16.png>
Package pdftex.def Info: images/aggregation_round_wall_sum_16.png  used on inpu
t line 22.
(pdftex.def)             Requested size: 180.0pt x 135.00146pt.

[21]
<images/aggregation_round_wall_sum_25.png, id=107, 531.9072pt x 398.9304pt>
File: images/aggregation_round_wall_sum_25.png Graphic file (type png)
<use images/aggregation_round_wall_sum_25.png>
Package pdftex.def Info: images/aggregation_round_wall_sum_25.png  used on inpu
t line 32.
(pdftex.def)             Requested size: 180.0pt x 135.00146pt.
File: images/aggregation_round_wall_sum_36.png Graphic file (type png)
<use images/aggregation_round_wall_sum_36.png>
Package pdftex.def Info: images/aggregation_round_wall_sum_36.png  used on inpu
t line 38.
(pdftex.def)             Requested size: 180.0pt x 135.00146pt.
<images/aggregation_bandwidth_msg_tx_sum_7.png, id=108, 531.9072pt x 398.9304pt
>
File: images/aggregation_bandwidth_msg_tx_sum_7.png Graphic file (type png)
<use images/aggregation_bandwidth_msg_tx_sum_7.png>
Package pdftex.def Info: images/aggregation_bandwidth_msg_tx_sum_7.png  used on
 input line 49.
(pdftex.def)             Requested size: 180.0pt x 135.00146pt.
<images/aggregation_bandwidth_msg_tx_sum_16.png, id=109, 531.9072pt x 398.9304p
t>
File: images/aggregation_bandwidth_msg_tx_sum_16.png Graphic file (type png)
<use images/aggregation_bandwidth_msg_tx_sum_16.png>
Package pdftex.def Info: images/aggregation_bandwidth_msg_tx_sum_16.png  used o
n input line 55.
(pdftex.def)             Requested size: 180.0pt x 135.00146pt.
<images/aggregation_bandwidth_msg_tx_sum_25.png, id=110, 531.9072pt x 398.9304p
t>
File: images/aggregation_bandwidth_msg_tx_sum_25.png Graphic file (type png)
<use images/aggregation_bandwidth_msg_tx_sum_25.png>
Package pdftex.def Info: images/aggregation_bandwidth_msg_tx_sum_25.png  used o
n input line 65.
(pdftex.def)             Requested size: 180.0pt x 135.00146pt.
File: images/aggregation_bandwidth_msg_tx_sum_36.png Graphic file (type png)
<use images/aggregation_bandwidth_msg_tx_sum_36.png>
Package pdftex.def Info: images/aggregation_bandwidth_msg_tx_sum_36.png  used o
n input line 71.
(pdftex.def)             Requested size: 180.0pt x 135.00146pt.
 [22 <./images/aggregation_round_wall_sum_7.png> <./images/aggregation_round_wa
ll_sum_16.png> <./images/aggregation_round_wall_sum_25.png> <./images/aggregati
on_bandwidth_msg_tx_sum_7.png> <./images/aggregation_bandwidth_msg_tx_sum_16.pn
g>]
<images/aggregation_bandwidth_tx_sum_7.png, id=120, 531.9072pt x 398.9304pt>
File: images/aggregation_bandwidth_tx_sum_7.png Graphic file (type png)
<use images/aggregation_bandwidth_tx_sum_7.png>
Package pdftex.def Info: images/aggregation_bandwidth_tx_sum_7.png  used on inp
ut line 81.
(pdftex.def)             Requested size: 180.0pt x 135.00146pt.
<images/aggregation_bandwidth_tx_sum_16.png, id=121, 531.9072pt x 398.9304pt>
File: images/aggregation_bandwidth_tx_sum_16.png Graphic file (type png)
<use images/aggregation_bandwidth_tx_sum_16.png>
Package pdftex.def Info: images/aggregation_bandwidth_tx_sum_16.png  used on in
put line 87.
(pdftex.def)             Requested size: 180.0pt x 135.00146pt.
<images/aggregation_bandwidth_tx_sum_25.png, id=122, 531.9072pt x 398.9304pt>
File: images/aggregation_bandwidth_tx_sum_25.png Graphic file (type png)
<use images/aggregation_bandwidth_tx_sum_25.png>
Package pdftex.def Info: images/aggregation_bandwidth_tx_sum_25.png  used on in
put line 97.
(pdftex.def)             Requested size: 180.0pt x 135.00146pt.
File: images/aggregation_bandwidth_tx_sum_36.png Graphic file (type png)
<use images/aggregation_bandwidth_tx_sum_36.png>
Package pdftex.def Info: images/aggregation_bandwidth_tx_sum_36.png  used on in
put line 103.
(pdftex.def)             Requested size: 180.0pt x 135.00146pt.
<images/round_wall_sum_7.png, id=123, 531.9072pt x 398.9304pt>
File: images/round_wall_sum_7.png Graphic file (type png)
<use images/round_wall_sum_7.png>
Package pdftex.def Info: images/round_wall_sum_7.png  used on input line 115.
(pdftex.def)             Requested size: 180.0pt x 135.00146pt.
<images/round_wall_sum_16.png, id=124, 531.9072pt x 398.9304pt>
File: images/round_wall_sum_16.png Graphic file (type png)
<use images/round_wall_sum_16.png>
Package pdftex.def Info: images/round_wall_sum_16.png  used on input line 121.
(pdftex.def)             Requested size: 180.0pt x 135.00146pt.
 [23 <./images/aggregation_bandwidth_msg_tx_sum_25.png> <./images/aggregation_b
andwidth_tx_sum_7.png> <./images/aggregation_bandwidth_tx_sum_16.png> <./images
/aggregation_bandwidth_tx_sum_25.png>]
<images/round_wall_sum_25.png, id=132, 531.9072pt x 398.9304pt>
File: images/round_wall_sum_25.png Graphic file (type png)
<use images/round_wall_sum_25.png>
Package pdftex.def Info: images/round_wall_sum_25.png  used on input line 131.
(pdftex.def)             Requested size: 180.0pt x 135.00146pt.
File: images/round_wall_sum_36.png Graphic file (type png)
<use images/round_wall_sum_36.png>
Package pdftex.def Info: images/round_wall_sum_36.png  used on input line 137.
(pdftex.def)             Requested size: 180.0pt x 135.00146pt.
<images/bandwidth_msg_tx_sum_7.png, id=133, 531.9072pt x 398.9304pt>
File: images/bandwidth_msg_tx_sum_7.png Graphic file (type png)
<use images/bandwidth_msg_tx_sum_7.png>
Package pdftex.def Info: images/bandwidth_msg_tx_sum_7.png  used on input line 
148.
(pdftex.def)             Requested size: 180.0pt x 135.00146pt.
<images/bandwidth_msg_tx_sum_16.png, id=134, 531.9072pt x 398.9304pt>
File: images/bandwidth_msg_tx_sum_16.png Graphic file (type png)
<use images/bandwidth_msg_tx_sum_16.png>
Package pdftex.def Info: images/bandwidth_msg_tx_sum_16.png  used on input line
 154.
(pdftex.def)             Requested size: 180.0pt x 135.00146pt.
<images/bandwidth_msg_tx_sum_25.png, id=135, 531.9072pt x 398.9304pt>
File: images/bandwidth_msg_tx_sum_25.png Graphic file (type png)
<use images/bandwidth_msg_tx_sum_25.png>
Package pdftex.def Info: images/bandwidth_msg_tx_sum_25.png  used on input line
 164.
(pdftex.def)             Requested size: 180.0pt x 135.00146pt.
File: images/bandwidth_msg_tx_sum_36.png Graphic file (type png)
<use images/bandwidth_msg_tx_sum_36.png>
Package pdftex.def Info: images/bandwidth_msg_tx_sum_36.png  used on input line
 170.
(pdftex.def)             Requested size: 180.0pt x 135.00146pt.
 [24 <./images/round_wall_sum_7.png> <./images/round_wall_sum_16.png> <./images
/round_wall_sum_25.png> <./images/bandwidth_msg_tx_sum_7.png> <./images/bandwid
th_msg_tx_sum_16.png>]
<images/bandwidth_tx_sum_7.png, id=144, 531.9072pt x 398.9304pt>
File: images/bandwidth_tx_sum_7.png Graphic file (type png)
<use images/bandwidth_tx_sum_7.png>
Package pdftex.def Info: images/bandwidth_tx_sum_7.png  used on input line 180.

(pdftex.def)             Requested size: 180.0pt x 135.00146pt.
<images/bandwidth_tx_sum_16.png, id=145, 531.9072pt x 398.9304pt>
File: images/bandwidth_tx_sum_16.png Graphic file (type png)
<use images/bandwidth_tx_sum_16.png>
Package pdftex.def Info: images/bandwidth_tx_sum_16.png  used on input line 186
.
(pdftex.def)             Requested size: 180.0pt x 135.00146pt.
<images/bandwidth_tx_sum_25.png, id=146, 531.9072pt x 398.9304pt>
File: images/bandwidth_tx_sum_25.png Graphic file (type png)
<use images/bandwidth_tx_sum_25.png>
Package pdftex.def Info: images/bandwidth_tx_sum_25.png  used on input line 196
.
(pdftex.def)             Requested size: 180.0pt x 135.00146pt.
File: images/bandwidth_tx_sum_36.png Graphic file (type png)
<use images/bandwidth_tx_sum_36.png>
Package pdftex.def Info: images/bandwidth_tx_sum_36.png  used on input line 202
.
(pdftex.def)             Requested size: 180.0pt x 135.00146pt.
) [25 <./images/bandwidth_msg_tx_sum_25.png> <./images/bandwidth_tx_sum_7.png> 
<./images/bandwidth_tx_sum_16.png> <./images/bandwidth_tx_sum_25.png>] (./main.
aux) ) 
Here is how much of TeX's memory you used:
 5258 strings out of 494734
 79134 string characters out of 6174736
 152354 words of memory out of 5000000
 8466 multiletter control sequences out of 15000+600000
 10927 words of font info for 41 fonts, out of 8000000 for 9000
 81 hyphenation exceptions out of 8191
 42i,15n,39p,1108b,383s stack positions out of 5000i,500n,10000p,200000b,80000s
</usr/share/texlive/texmf-dist/fonts/type1/public/amsfonts/cm/cmbx10.pfb>
</usr/share/texlive/texmf-dist/fonts/type1/public/amsfonts/cm/cmbx12.pfb></usr/
share/texlive/texmf-dist/fonts/type1/public/amsfonts/cm/cmmi10.pfb></usr/share/
texlive/texmf-dist/fonts/type1/public/amsfonts/cm/cmmi8.pfb></usr/share/texlive
/texmf-dist/fonts/type1/public/amsfonts/cm/cmr10.pfb></usr/share/texlive/texmf-
dist/fonts/type1/public/amsfonts/cm/cmr12.pfb></usr/share/texlive/texmf-dist/fo
nts/type1/public/amsfonts/cm/cmr17.pfb></usr/share/texlive/texmf-dist/fonts/typ
e1/public/amsfonts/cm/cmr8.pfb></usr/share/texlive/texmf-dist/fonts/type1/publi
c/amsfonts/cm/cmsy10.pfb></usr/share/texlive/texmf-dist/fonts/type1/public/amsf
onts/cm/cmsy8.pfb></usr/share/texlive/texmf-dist/fonts/type1/public/amsfonts/cm
/cmti10.pfb></usr/share/texlive/texmf-dist/fonts/type1/public/amsfonts/cm/cmtt1
0.pfb>
Output written on main.pdf (28 pages, 850228 bytes).
PDF statistics:
 193 PDF objects out of 1000 (max. 8388607)
 100 compressed objects within 1 object stream
 0 named destinations out of 1000 (max. 500000)
 126 words of extra memory for PDF output out of 10000 (max. 10000000)

